2021-08-15 18:08:06 - simpleExample - INFO - Crawling page 1 ...
2021-08-15 18:08:08 - simpleExample - INFO - Parsing page 1 ...
2021-08-15 18:09:30 - simpleExample - INFO - Saving page 1 ...
2021-08-15 18:09:35 - simpleExample - INFO - Crawling page 2 ...
2021-08-15 18:09:36 - simpleExample - INFO - Parsing page 2 ...
2021-08-15 18:10:51 - simpleExample - INFO - Saving page 2 ...
2021-08-15 18:10:59 - simpleExample - INFO - Crawling page 3 ...
2021-08-15 18:11:02 - simpleExample - INFO - Parsing page 3 ...
2021-08-15 18:12:18 - simpleExample - INFO - Saving page 3 ...
2021-08-15 18:12:30 - simpleExample - INFO - Crawling page 4 ...
2021-08-15 18:12:31 - simpleExample - INFO - Parsing page 4 ...
2021-08-15 18:13:46 - simpleExample - INFO - Saving page 4 ...
2021-08-15 18:13:54 - simpleExample - INFO - Crawling page 5 ...
2021-08-15 18:13:55 - simpleExample - INFO - Parsing page 5 ...
2021-08-15 18:15:14 - simpleExample - INFO - Saving page 5 ...
2021-08-15 18:15:27 - simpleExample - INFO - Crawling page 6 ...
2021-08-15 18:15:28 - simpleExample - INFO - Parsing page 6 ...
2021-08-15 18:16:40 - simpleExample - INFO - Saving page 6 ...
2021-08-15 18:16:45 - simpleExample - INFO - Crawling page 7 ...
2021-08-15 18:16:46 - simpleExample - INFO - Parsing page 7 ...
2021-08-15 18:18:04 - simpleExample - INFO - Saving page 7 ...
2021-08-15 18:18:14 - simpleExample - INFO - Crawling page 8 ...
2021-08-15 18:18:16 - simpleExample - INFO - Parsing page 8 ...
2021-08-15 18:19:42 - simpleExample - INFO - Saving page 8 ...
2021-08-15 18:19:54 - simpleExample - INFO - Crawling page 9 ...
2021-08-15 18:19:56 - simpleExample - INFO - Parsing page 9 ...
2021-08-15 18:21:09 - simpleExample - INFO - Saving page 9 ...
2021-08-15 18:21:19 - simpleExample - INFO - Crawling page 10 ...
2021-08-15 18:21:20 - simpleExample - INFO - Parsing page 10 ...
2021-08-15 18:22:30 - simpleExample - INFO - Saving page 10 ...
2021-08-15 18:22:36 - simpleExample - INFO - Crawling page 11 ...
2021-08-15 18:22:38 - simpleExample - INFO - Parsing page 11 ...
2021-08-15 18:23:50 - simpleExample - INFO - Saving page 11 ...
2021-08-15 18:23:58 - simpleExample - INFO - Crawling page 12 ...
2021-08-15 18:23:59 - simpleExample - INFO - Parsing page 12 ...
2021-08-15 18:25:12 - simpleExample - INFO - Saving page 12 ...
2021-08-15 18:25:15 - simpleExample - INFO - Crawling page 13 ...
2021-08-15 18:25:16 - simpleExample - INFO - Parsing page 13 ...
2021-08-15 18:26:31 - simpleExample - INFO - Saving page 13 ...
2021-08-15 18:26:45 - simpleExample - INFO - Crawling page 14 ...
2021-08-15 18:26:46 - simpleExample - INFO - Parsing page 14 ...
2021-08-15 18:28:02 - simpleExample - INFO - Saving page 14 ...
2021-08-15 18:28:06 - simpleExample - INFO - Crawling page 15 ...
2021-08-15 18:28:07 - simpleExample - INFO - Parsing page 15 ...
2021-08-15 18:29:20 - simpleExample - INFO - Saving page 15 ...
2021-08-15 18:29:30 - simpleExample - INFO - Crawling page 16 ...
2021-08-15 18:29:32 - simpleExample - INFO - Parsing page 16 ...
2021-08-15 18:31:09 - simpleExample - INFO - Saving page 16 ...
2021-08-15 18:31:12 - simpleExample - INFO - Crawling page 17 ...
2021-08-15 18:31:13 - simpleExample - INFO - Parsing page 17 ...
2021-08-15 18:32:39 - simpleExample - INFO - Saving page 17 ...
2021-08-15 18:32:49 - simpleExample - INFO - Crawling page 18 ...
2021-08-15 18:32:50 - simpleExample - INFO - Parsing page 18 ...
2021-08-15 18:34:15 - simpleExample - INFO - Saving page 18 ...
2021-08-15 18:34:26 - simpleExample - INFO - Crawling page 19 ...
2021-08-15 18:34:28 - simpleExample - INFO - Parsing page 19 ...
2021-08-15 18:35:53 - simpleExample - INFO - Saving page 19 ...
2021-08-15 18:36:05 - simpleExample - INFO - Crawling page 20 ...
2021-08-15 18:36:07 - simpleExample - INFO - Parsing page 20 ...
2021-08-15 18:37:39 - simpleExample - INFO - Saving page 20 ...
2021-08-15 18:37:43 - simpleExample - INFO - Crawling page 21 ...
2021-08-15 18:37:44 - simpleExample - INFO - Parsing page 21 ...
2021-08-15 18:39:07 - simpleExample - INFO - Saving page 21 ...
2021-08-15 18:39:14 - simpleExample - INFO - Crawling page 22 ...
2021-08-15 18:39:15 - simpleExample - INFO - Parsing page 22 ...
2021-08-15 18:40:38 - simpleExample - INFO - Saving page 22 ...
2021-08-15 18:40:47 - simpleExample - INFO - Crawling page 23 ...
2021-08-15 18:40:48 - simpleExample - INFO - Parsing page 23 ...
2021-08-15 18:42:13 - simpleExample - INFO - Saving page 23 ...
2021-08-15 18:42:19 - simpleExample - INFO - Crawling page 24 ...
2021-08-15 18:42:20 - simpleExample - INFO - Parsing page 24 ...
2021-08-15 18:44:00 - simpleExample - INFO - Saving page 24 ...
2021-08-15 18:44:11 - simpleExample - INFO - Crawling page 25 ...
2021-08-15 18:44:12 - simpleExample - INFO - Parsing page 25 ...
2021-08-15 18:45:42 - simpleExample - INFO - Saving page 25 ...
2021-08-15 18:45:48 - simpleExample - INFO - Crawling page 26 ...
2021-08-15 18:45:49 - simpleExample - INFO - Parsing page 26 ...
2021-08-15 18:47:32 - simpleExample - INFO - Saving page 26 ...
2021-08-15 18:47:38 - simpleExample - INFO - Crawling page 27 ...
2021-08-15 18:47:43 - simpleExample - INFO - Parsing page 27 ...
2021-08-15 18:49:21 - simpleExample - INFO - Saving page 27 ...
2021-08-15 18:49:31 - simpleExample - INFO - Crawling page 28 ...
2021-08-15 18:49:32 - simpleExample - INFO - Parsing page 28 ...
2021-08-15 18:51:07 - simpleExample - INFO - Saving page 28 ...
2021-08-15 18:51:17 - simpleExample - INFO - Crawling page 29 ...
2021-08-15 18:51:18 - simpleExample - INFO - Parsing page 29 ...
2021-08-15 18:52:58 - simpleExample - INFO - Saving page 29 ...
2021-08-15 18:53:08 - simpleExample - INFO - Crawling page 30 ...
2021-08-15 18:53:10 - simpleExample - INFO - Parsing page 30 ...
2021-08-15 18:55:28 - simpleExample - INFO - Saving page 30 ...
2021-08-15 18:55:40 - simpleExample - INFO - Crawling page 31 ...
2021-08-15 18:55:43 - simpleExample - INFO - Parsing page 31 ...
2021-08-15 18:58:05 - simpleExample - INFO - Saving page 31 ...
2021-08-15 18:58:09 - simpleExample - INFO - Crawling page 32 ...
2021-08-15 18:58:11 - simpleExample - INFO - Parsing page 32 ...
2021-08-15 19:00:39 - simpleExample - INFO - Saving page 32 ...
2021-08-15 19:00:44 - simpleExample - INFO - Crawling page 33 ...
2021-08-15 19:00:46 - simpleExample - INFO - Parsing page 33 ...
2021-08-15 19:02:50 - simpleExample - INFO - Saving page 33 ...
2021-08-15 19:02:59 - simpleExample - INFO - Crawling page 34 ...
2021-08-15 19:03:00 - simpleExample - INFO - Parsing page 34 ...
2021-08-15 19:05:22 - simpleExample - INFO - Saving page 34 ...
2021-08-15 19:05:32 - simpleExample - INFO - Crawling page 35 ...
2021-08-15 19:05:34 - simpleExample - INFO - Parsing page 35 ...
2021-08-15 19:08:02 - simpleExample - INFO - Saving page 35 ...
2021-08-15 19:08:07 - simpleExample - INFO - Crawling page 36 ...
2021-08-15 19:08:09 - simpleExample - INFO - Parsing page 36 ...
2021-08-15 19:10:41 - simpleExample - INFO - Saving page 36 ...
2021-08-15 19:10:48 - simpleExample - INFO - Crawling page 37 ...
2021-08-15 19:10:50 - simpleExample - INFO - Parsing page 37 ...
2021-08-15 19:13:18 - simpleExample - INFO - Saving page 37 ...
2021-08-15 19:13:28 - simpleExample - INFO - Crawling page 38 ...
2021-08-15 19:13:31 - simpleExample - INFO - Parsing page 38 ...
2021-08-15 19:15:58 - simpleExample - INFO - Saving page 38 ...
2021-08-15 19:16:09 - simpleExample - INFO - Crawling page 39 ...
2021-08-15 19:16:11 - simpleExample - INFO - Parsing page 39 ...
2021-08-15 19:18:41 - simpleExample - INFO - Saving page 39 ...
2021-08-15 19:18:47 - simpleExample - INFO - Crawling page 40 ...
2021-08-15 19:18:49 - simpleExample - INFO - Parsing page 40 ...
2021-08-15 19:21:11 - simpleExample - INFO - Saving page 40 ...
2021-08-15 19:21:23 - simpleExample - INFO - Crawling page 41 ...
2021-08-15 19:21:25 - simpleExample - INFO - Parsing page 41 ...
2021-08-15 19:23:40 - simpleExample - INFO - Saving page 41 ...
2021-08-15 19:23:48 - simpleExample - INFO - Crawling page 42 ...
2021-08-15 19:23:49 - simpleExample - INFO - Parsing page 42 ...
2021-08-15 19:25:21 - simpleExample - INFO - Saving page 42 ...
2021-08-15 19:25:33 - simpleExample - INFO - Crawling page 43 ...
2021-08-15 19:25:35 - simpleExample - INFO - Parsing page 43 ...
2021-08-15 19:27:15 - simpleExample - INFO - Saving page 43 ...
2021-08-15 19:27:19 - simpleExample - INFO - Crawling page 44 ...
2021-08-15 19:27:21 - simpleExample - INFO - Parsing page 44 ...
2021-08-15 19:29:16 - simpleExample - INFO - Saving page 44 ...
2021-08-15 19:29:23 - simpleExample - INFO - Crawling page 45 ...
2021-08-15 19:29:25 - simpleExample - INFO - Parsing page 45 ...
2021-08-15 19:31:30 - simpleExample - INFO - Saving page 45 ...
2021-08-15 19:31:35 - simpleExample - INFO - Crawling page 46 ...
2021-08-15 19:31:37 - simpleExample - INFO - Parsing page 46 ...
2021-08-15 19:33:56 - simpleExample - INFO - Saving page 46 ...
2021-08-15 19:34:01 - simpleExample - INFO - Crawling page 47 ...
2021-08-15 19:34:03 - simpleExample - INFO - Parsing page 47 ...
2021-08-15 19:36:25 - simpleExample - INFO - Saving page 47 ...
2021-08-15 19:36:33 - simpleExample - INFO - Crawling page 48 ...
2021-08-15 19:36:35 - simpleExample - INFO - Parsing page 48 ...
2021-08-15 19:39:00 - simpleExample - INFO - Saving page 48 ...
2021-08-15 19:39:10 - simpleExample - INFO - Crawling page 49 ...
2021-08-15 19:39:11 - simpleExample - INFO - Parsing page 49 ...
2021-08-15 19:41:32 - simpleExample - INFO - Saving page 49 ...
2021-08-15 19:41:41 - simpleExample - INFO - Crawling page 50 ...
2021-08-15 19:41:43 - simpleExample - INFO - Parsing page 50 ...
2021-08-15 19:44:02 - simpleExample - INFO - Saving page 50 ...
2021-08-15 19:44:13 - simpleExample - INFO - Crawling page 51 ...
2021-08-15 19:44:15 - simpleExample - INFO - Parsing page 51 ...
2021-08-15 19:45:42 - simpleExample - ERROR - Crawl data exception: ('Connection aborted.', RemoteDisconnected('Remote end closed connection without response'))
2021-08-15 19:45:42 - simpleExample - ERROR - Parse data exception: the JSON object must be str, bytes or bytearray, not NoneType
2021-08-15 19:45:42 - simpleExample - INFO - Saving page 51 ...
2021-08-15 19:45:54 - simpleExample - INFO - Crawling page 52 ...
2021-08-15 19:45:56 - simpleExample - INFO - Parsing page 52 ...
2021-08-15 19:47:48 - simpleExample - INFO - Saving page 52 ...
2021-08-15 19:47:55 - simpleExample - INFO - Crawling page 53 ...
2021-08-15 19:47:56 - simpleExample - INFO - Parsing page 53 ...
2021-08-15 19:49:32 - simpleExample - INFO - Saving page 53 ...
2021-08-15 19:49:36 - simpleExample - INFO - Crawling page 54 ...
2021-08-15 19:49:38 - simpleExample - INFO - Parsing page 54 ...
2021-08-15 19:51:21 - simpleExample - INFO - Saving page 54 ...
2021-08-15 19:51:31 - simpleExample - INFO - Crawling page 55 ...
2021-08-15 19:51:32 - simpleExample - INFO - Parsing page 55 ...
2021-08-15 19:53:12 - simpleExample - INFO - Saving page 55 ...
2021-08-15 19:53:19 - simpleExample - INFO - Crawling page 56 ...
2021-08-15 19:53:21 - simpleExample - INFO - Parsing page 56 ...
2021-08-15 19:54:57 - simpleExample - INFO - Saving page 56 ...
2021-08-15 19:55:05 - simpleExample - INFO - Crawling page 57 ...
2021-08-15 19:55:07 - simpleExample - INFO - Parsing page 57 ...
2021-08-15 19:57:33 - simpleExample - INFO - Saving page 57 ...
2021-08-15 19:57:46 - simpleExample - INFO - Crawling page 58 ...
2021-08-15 19:57:48 - simpleExample - INFO - Parsing page 58 ...
2021-08-15 20:00:14 - simpleExample - INFO - Saving page 58 ...
2021-08-15 20:00:20 - simpleExample - INFO - Crawling page 59 ...
2021-08-15 20:00:21 - simpleExample - INFO - Parsing page 59 ...
2021-08-15 20:02:44 - simpleExample - INFO - Saving page 59 ...
2021-08-15 20:02:54 - simpleExample - INFO - Crawling page 60 ...
2021-08-15 20:02:56 - simpleExample - INFO - Parsing page 60 ...
2021-08-15 20:05:30 - simpleExample - INFO - Saving page 60 ...
2021-08-15 20:05:35 - simpleExample - INFO - Crawling page 61 ...
2021-08-15 20:05:37 - simpleExample - INFO - Parsing page 61 ...
2021-08-15 20:07:54 - simpleExample - INFO - Saving page 61 ...
2021-08-15 20:08:05 - simpleExample - INFO - Crawling page 62 ...
2021-08-15 20:08:07 - simpleExample - INFO - Parsing page 62 ...
2021-08-15 20:10:36 - simpleExample - INFO - Saving page 62 ...
2021-08-15 20:10:48 - simpleExample - INFO - Crawling page 63 ...
2021-08-15 20:10:50 - simpleExample - INFO - Parsing page 63 ...
2021-08-15 20:13:24 - simpleExample - INFO - Saving page 63 ...
2021-08-15 20:13:38 - simpleExample - INFO - Crawling page 64 ...
2021-08-15 20:13:40 - simpleExample - INFO - Parsing page 64 ...
2021-08-15 20:16:15 - simpleExample - INFO - Saving page 64 ...
2021-08-15 20:16:23 - simpleExample - INFO - Crawling page 65 ...
2021-08-15 20:16:25 - simpleExample - INFO - Parsing page 65 ...
2021-08-15 20:18:54 - simpleExample - INFO - Saving page 65 ...
2021-08-15 20:19:04 - simpleExample - INFO - Crawling page 66 ...
2021-08-15 20:19:06 - simpleExample - INFO - Parsing page 66 ...
2021-08-15 20:21:38 - simpleExample - INFO - Saving page 66 ...
2021-08-15 20:21:47 - simpleExample - INFO - Crawling page 67 ...
2021-08-15 20:21:49 - simpleExample - INFO - Parsing page 67 ...
2021-08-15 20:24:24 - simpleExample - INFO - Saving page 67 ...
2021-08-15 20:24:28 - simpleExample - INFO - Crawling page 68 ...
2021-08-15 20:24:30 - simpleExample - INFO - Parsing page 68 ...
2021-08-15 20:27:01 - simpleExample - INFO - Saving page 68 ...
2021-08-15 20:27:13 - simpleExample - INFO - Crawling page 69 ...
2021-08-15 20:27:15 - simpleExample - INFO - Parsing page 69 ...
2021-08-15 20:29:29 - simpleExample - INFO - Saving page 69 ...
2021-08-15 20:29:43 - simpleExample - INFO - Crawling page 70 ...
2021-08-15 20:29:45 - simpleExample - INFO - Parsing page 70 ...
2021-08-15 20:32:00 - simpleExample - INFO - Saving page 70 ...
2021-08-15 20:32:10 - simpleExample - INFO - Crawling page 71 ...
2021-08-15 20:32:12 - simpleExample - INFO - Parsing page 71 ...
2021-08-15 20:34:30 - simpleExample - INFO - Saving page 71 ...
2021-08-15 20:34:38 - simpleExample - INFO - Crawling page 72 ...
2021-08-15 20:34:40 - simpleExample - INFO - Parsing page 72 ...
2021-08-15 20:37:12 - simpleExample - INFO - Saving page 72 ...
2021-08-15 20:37:23 - simpleExample - INFO - Crawling page 73 ...
2021-08-15 20:37:26 - simpleExample - INFO - Parsing page 73 ...
2021-08-15 20:41:45 - simpleExample - INFO - Saving page 73 ...
2021-08-15 20:41:53 - simpleExample - INFO - Crawling page 74 ...
2021-08-15 20:41:55 - simpleExample - INFO - Parsing page 74 ...
2021-08-15 20:44:20 - simpleExample - INFO - Saving page 74 ...
2021-08-15 20:44:32 - simpleExample - INFO - Crawling page 75 ...
2021-08-15 20:44:34 - simpleExample - INFO - Parsing page 75 ...
2021-08-15 20:46:49 - simpleExample - INFO - Saving page 75 ...
2021-08-15 20:47:03 - simpleExample - INFO - Crawling page 76 ...
2021-08-15 20:47:05 - simpleExample - INFO - Parsing page 76 ...
2021-08-15 20:49:20 - simpleExample - INFO - Saving page 76 ...
2021-08-15 20:49:30 - simpleExample - INFO - Crawling page 77 ...
2021-08-15 20:49:32 - simpleExample - INFO - Parsing page 77 ...
2021-08-15 20:52:02 - simpleExample - INFO - Saving page 77 ...
2021-08-15 20:52:14 - simpleExample - INFO - Crawling page 78 ...
2021-08-15 20:52:19 - simpleExample - INFO - Parsing page 78 ...
2021-08-15 20:56:31 - simpleExample - INFO - Saving page 78 ...
2021-08-15 20:56:42 - simpleExample - INFO - Crawling page 79 ...
2021-08-15 20:56:45 - simpleExample - INFO - Parsing page 79 ...
2021-08-15 21:01:47 - simpleExample - ERROR - Crawl data exception: ('Connection aborted.', RemoteDisconnected('Remote end closed connection without response'))
2021-08-15 21:01:47 - simpleExample - ERROR - Parse data exception: the JSON object must be str, bytes or bytearray, not NoneType
2021-08-15 21:01:47 - simpleExample - INFO - Saving page 79 ...
2021-08-15 21:02:00 - simpleExample - INFO - Crawling page 80 ...
2021-08-15 21:02:02 - simpleExample - INFO - Parsing page 80 ...
2021-08-15 21:07:33 - simpleExample - INFO - Saving page 80 ...
2021-08-15 21:07:41 - simpleExample - INFO - Crawling page 81 ...
2021-08-15 21:07:44 - simpleExample - INFO - Parsing page 81 ...
2021-08-15 21:12:59 - simpleExample - INFO - Saving page 81 ...
2021-08-15 21:13:13 - simpleExample - INFO - Crawling page 82 ...
2021-08-15 21:13:15 - simpleExample - INFO - Parsing page 82 ...
2021-08-15 21:17:20 - simpleExample - INFO - Saving page 82 ...
2021-08-15 21:17:33 - simpleExample - INFO - Crawling page 83 ...
2021-08-15 21:17:39 - simpleExample - INFO - Parsing page 83 ...
2021-08-15 21:22:35 - simpleExample - INFO - Saving page 83 ...
2021-08-15 21:22:41 - simpleExample - INFO - Crawling page 84 ...
2021-08-15 21:22:44 - simpleExample - INFO - Parsing page 84 ...
2021-08-15 21:27:22 - simpleExample - INFO - Saving page 84 ...
2021-08-15 21:27:32 - simpleExample - INFO - Crawling page 85 ...
2021-08-15 21:27:38 - simpleExample - INFO - Parsing page 85 ...
2021-08-15 21:31:33 - simpleExample - INFO - Saving page 85 ...
2021-08-15 21:31:47 - simpleExample - INFO - Crawling page 86 ...
2021-08-15 21:31:49 - simpleExample - INFO - Parsing page 86 ...
2021-08-15 21:34:24 - simpleExample - INFO - Saving page 86 ...
2021-08-15 21:34:31 - simpleExample - INFO - Crawling page 87 ...
2021-08-15 21:34:33 - simpleExample - INFO - Parsing page 87 ...
2021-08-15 21:36:40 - simpleExample - INFO - Saving page 87 ...
2021-08-15 21:36:46 - simpleExample - INFO - Crawling page 88 ...
2021-08-15 21:36:48 - simpleExample - INFO - Parsing page 88 ...
2021-08-15 21:38:55 - simpleExample - INFO - Saving page 88 ...
2021-08-15 21:39:03 - simpleExample - INFO - Crawling page 89 ...
2021-08-15 21:39:05 - simpleExample - INFO - Parsing page 89 ...
2021-08-15 21:41:04 - simpleExample - INFO - Saving page 89 ...
2021-08-15 21:41:11 - simpleExample - INFO - Crawling page 90 ...
2021-08-15 21:41:13 - simpleExample - INFO - Parsing page 90 ...
2021-08-15 21:43:24 - simpleExample - INFO - Saving page 90 ...
2021-08-15 21:43:39 - simpleExample - INFO - Crawling page 91 ...
2021-08-15 21:43:41 - simpleExample - INFO - Parsing page 91 ...
2021-08-15 21:46:31 - simpleExample - INFO - Saving page 91 ...
2021-08-15 21:46:38 - simpleExample - INFO - Crawling page 92 ...
2021-08-15 21:46:41 - simpleExample - INFO - Parsing page 92 ...
2021-08-15 21:49:22 - simpleExample - INFO - Saving page 92 ...
2021-08-15 21:49:36 - simpleExample - INFO - Crawling page 93 ...
2021-08-15 21:49:38 - simpleExample - INFO - Parsing page 93 ...
2021-08-15 21:52:19 - simpleExample - INFO - Saving page 93 ...
2021-08-15 21:52:31 - simpleExample - INFO - Crawling page 94 ...
2021-08-15 21:52:33 - simpleExample - INFO - Parsing page 94 ...
2021-08-15 21:55:12 - simpleExample - INFO - Saving page 94 ...
2021-08-15 21:55:19 - simpleExample - INFO - Crawling page 95 ...
2021-08-15 21:55:21 - simpleExample - INFO - Parsing page 95 ...
2021-08-15 21:58:03 - simpleExample - INFO - Saving page 95 ...
2021-08-15 21:58:08 - simpleExample - INFO - Crawling page 96 ...
2021-08-15 21:58:11 - simpleExample - INFO - Parsing page 96 ...
2021-08-15 22:00:57 - simpleExample - INFO - Saving page 96 ...
2021-08-15 22:01:08 - simpleExample - INFO - Crawling page 97 ...
2021-08-15 22:01:11 - simpleExample - INFO - Parsing page 97 ...
2021-08-15 22:03:28 - simpleExample - INFO - Saving page 97 ...
2021-08-15 22:03:33 - simpleExample - INFO - Crawling page 98 ...
2021-08-15 22:03:35 - simpleExample - INFO - Parsing page 98 ...
2021-08-15 22:06:13 - simpleExample - INFO - Saving page 98 ...
2021-08-15 22:06:24 - simpleExample - INFO - Crawling page 99 ...
2021-08-15 22:06:26 - simpleExample - INFO - Parsing page 99 ...
2021-08-15 22:09:07 - simpleExample - INFO - Saving page 99 ...
2021-08-15 22:09:12 - simpleExample - INFO - Crawling page 100 ...
2021-08-15 22:09:14 - simpleExample - INFO - Parsing page 100 ...
2021-08-15 22:11:48 - simpleExample - INFO - Saving page 100 ...
2021-08-15 22:12:01 - simpleExample - INFO - Crawling page 101 ...
2021-08-15 22:12:03 - simpleExample - INFO - Parsing page 101 ...
2021-08-15 22:14:20 - simpleExample - INFO - Saving page 101 ...
2021-08-15 22:14:28 - simpleExample - INFO - Crawling page 102 ...
2021-08-15 22:14:30 - simpleExample - INFO - Parsing page 102 ...
2021-08-15 22:16:46 - simpleExample - INFO - Saving page 102 ...
2021-08-15 22:16:57 - simpleExample - INFO - Crawling page 103 ...
2021-08-15 22:16:59 - simpleExample - INFO - Parsing page 103 ...
2021-08-15 22:20:00 - simpleExample - INFO - Saving page 103 ...
2021-08-15 22:20:07 - simpleExample - INFO - Crawling page 104 ...
2021-08-15 22:20:09 - simpleExample - INFO - Parsing page 104 ...
2021-08-15 22:23:04 - simpleExample - INFO - Saving page 104 ...
2021-08-15 22:23:16 - simpleExample - INFO - Crawling page 105 ...
2021-08-15 22:23:20 - simpleExample - INFO - Parsing page 105 ...
2021-08-15 22:27:23 - simpleExample - INFO - Saving page 105 ...
2021-08-15 22:27:31 - simpleExample - INFO - Crawling page 106 ...
2021-08-15 22:27:33 - simpleExample - INFO - Parsing page 106 ...
2021-08-15 22:27:33 - simpleExample - INFO - Status error
2021-08-15 22:41:15 - simpleExample - INFO - Crawling page 51 ...
2021-08-15 22:41:19 - simpleExample - INFO - Parsing page 51 ...
2021-08-15 22:44:47 - simpleExample - INFO - Saving page 51 ...
2021-08-15 22:44:47 - simpleExample - ERROR - Save data exception: (1062, "Duplicate entry 'ZOOSYSTEMA' for key 'journal_info.name'")
2021-08-15 22:44:47 - simpleExample - ERROR - Save data exception: (1062, "Duplicate entry 'HIGH TEMPERATURE' for key 'journal_info.name'")
2021-08-15 22:44:47 - simpleExample - ERROR - Save data exception: (1062, "Duplicate entry 'ULTRASTRUCTURAL PATHOLOGY' for key 'journal_info.name'")
2021-08-15 22:44:47 - simpleExample - ERROR - Save data exception: (1062, "Duplicate entry 'AI MAGAZINE' for key 'journal_info.name'")
2021-08-15 22:44:47 - simpleExample - ERROR - Save data exception: (1062, "Duplicate entry 'CARDIOLOGY IN THE YOUNG' for key 'journal_info.name'")
2021-08-15 22:44:47 - simpleExample - ERROR - Save data exception: (1062, "Duplicate entry 'International Journal of Law Crime and Justice' for key 'journal_info.name'")
2021-08-15 22:44:47 - simpleExample - ERROR - Save data exception: (1062, "Duplicate entry 'JOURNAL OF APPROXIMATION THEORY' for key 'journal_info.name'")
2021-08-15 22:44:47 - simpleExample - ERROR - Save data exception: (1062, "Duplicate entry 'Behavioral Psychology-Psicologia Conductual' for key 'journal_info.name'")
2021-08-15 22:44:47 - simpleExample - ERROR - Save data exception: (1062, "Duplicate entry 'ZOOTAXA' for key 'journal_info.name'")
2021-08-15 22:44:47 - simpleExample - ERROR - Save data exception: (1062, "Duplicate entry 'RANGELAND JOURNAL' for key 'journal_info.name'")
2021-08-15 22:44:47 - simpleExample - ERROR - Save data exception: (1062, "Duplicate entry 'ACTA CHIRURGICA BELGICA' for key 'journal_info.name'")
2021-08-15 22:44:47 - simpleExample - ERROR - Save data exception: (1062, "Duplicate entry 'ICON-INTERNATIONAL JOURNAL OF CONSTITUTIONAL LAW' for key 'journal_info.name'")
2021-08-15 22:44:47 - simpleExample - ERROR - Save data exception: (1062, "Duplicate entry 'Dendrobiology' for key 'journal_info.name'")
2021-08-15 22:44:47 - simpleExample - ERROR - Save data exception: (1062, "Duplicate entry 'Vascular and Endovascular Surgery' for key 'journal_info.name'")
2021-08-15 22:44:47 - simpleExample - ERROR - Save data exception: (1062, "Duplicate entry 'Argumentation' for key 'journal_info.name'")
2021-08-15 22:44:47 - simpleExample - ERROR - Save data exception: (1062, "Duplicate entry 'PESQUISA AGROPECUARIA BRASILEIRA' for key 'journal_info.name'")
2021-08-15 22:44:47 - simpleExample - ERROR - Save data exception: (1062, "Duplicate entry 'Archives of Control Sciences' for key 'journal_info.name'")
2021-08-15 22:44:47 - simpleExample - ERROR - Save data exception: (1062, "Duplicate entry 'Series-Journal of the Spanish Economic Association' for key 'journal_info.name'")
2021-08-15 22:44:47 - simpleExample - ERROR - Save data exception: (1062, "Duplicate entry 'Pakistan Journal of Medical Sciences' for key 'journal_info.name'")
2021-08-15 22:44:47 - simpleExample - ERROR - Save data exception: (1062, "Duplicate entry 'MOLLUSCAN RESEARCH' for key 'journal_info.name'")
2021-08-15 22:44:47 - simpleExample - ERROR - Save data exception: (1062, "Duplicate entry 'EASTERN EUROPEAN ECONOMICS' for key 'journal_info.name'")
2021-08-15 22:44:47 - simpleExample - ERROR - Save data exception: (1062, "Duplicate entry 'BIOLOGY AND ENVIRONMENT-PROCEEDINGS OF THE ROYAL IRISH ACADEMY' for key 'journal_info.name'")
2021-08-15 22:44:47 - simpleExample - ERROR - Save data exception: (1062, "Duplicate entry 'Nonlinear Dynamics Psychology and Life Sciences' for key 'journal_info.name'")
2021-08-15 22:44:47 - simpleExample - ERROR - Save data exception: (1062, "Duplicate entry 'BIOTECHNOLOGIE AGRONOMIE SOCIETE ET ENVIRONNEMENT' for key 'journal_info.name'")
2021-08-15 22:44:47 - simpleExample - ERROR - Save data exception: (1062, "Duplicate entry 'HORTTECHNOLOGY' for key 'journal_info.name'")
2021-08-15 22:44:47 - simpleExample - ERROR - Save data exception: (1062, "Duplicate entry 'ORTHOPADE' for key 'journal_info.name'")
2021-08-15 22:44:47 - simpleExample - ERROR - Save data exception: (1062, "Duplicate entry 'FIBER AND INTEGRATED OPTICS' for key 'journal_info.name'")
2021-08-15 22:44:47 - simpleExample - ERROR - Save data exception: (1062, "Duplicate entry 'HEC Forum' for key 'journal_info.name'")
2021-08-15 22:44:47 - simpleExample - ERROR - Save data exception: (1062, "Duplicate entry 'Mechanical Sciences' for key 'journal_info.name'")
2021-08-15 22:44:47 - simpleExample - ERROR - Save data exception: (1062, "Duplicate entry 'TURKISH JOURNAL OF EARTH SCIENCES' for key 'journal_info.name'")
2021-08-15 22:44:47 - simpleExample - ERROR - Save data exception: (1062, "Duplicate entry 'JAAPA-Journal of the American Academy of Physician Assistants' for key 'journal_info.name'")
2021-08-15 22:44:47 - simpleExample - ERROR - Save data exception: (1062, "Duplicate entry 'International Journal of Global Warming' for key 'journal_info.name'")
2021-08-15 22:44:47 - simpleExample - ERROR - Save data exception: (1062, "Duplicate entry 'Revista da Escola de Enfermagem da USP' for key 'journal_info.name'")
2021-08-15 22:44:47 - simpleExample - ERROR - Save data exception: (1062, "Duplicate entry 'ACM TRANSACTIONS ON DATABASE SYSTEMS' for key 'journal_info.name'")
2021-08-15 22:44:47 - simpleExample - ERROR - Save data exception: (1062, "Duplicate entry 'AMERICAN JOURNAL OF PSYCHOLOGY' for key 'journal_info.name'")
2021-08-15 22:44:47 - simpleExample - ERROR - Save data exception: (1062, "Duplicate entry 'Journal of African Cultural Studies' for key 'journal_info.name'")
2021-08-15 22:44:47 - simpleExample - ERROR - Save data exception: (1062, "Duplicate entry 'Miskolc Mathematical Notes' for key 'journal_info.name'")
2021-08-15 22:44:47 - simpleExample - ERROR - Save data exception: (1062, "Duplicate entry 'NURSING ECONOMICS' for key 'journal_info.name'")
2021-08-15 22:44:47 - simpleExample - ERROR - Save data exception: (1062, "Duplicate entry 'Pharmacognosy Magazine' for key 'journal_info.name'")
2021-08-15 22:44:47 - simpleExample - ERROR - Save data exception: (1062, "Duplicate entry 'Journal of PeriAnesthesia Nursing' for key 'journal_info.name'")
2021-08-15 22:44:47 - simpleExample - ERROR - Save data exception: (1062, "Duplicate entry 'OPTICAL ENGINEERING' for key 'journal_info.name'")
2021-08-15 22:44:47 - simpleExample - ERROR - Save data exception: (1062, "Duplicate entry 'Australian Journal of Forensic Sciences' for key 'journal_info.name'")
2021-08-15 22:44:47 - simpleExample - ERROR - Save data exception: (1062, "Duplicate entry 'TRENDS IN GLYCOSCIENCE AND GLYCOTECHNOLOGY' for key 'journal_info.name'")
2021-08-15 22:44:47 - simpleExample - ERROR - Save data exception: (1062, "Duplicate entry 'Zemdirbyste-Agriculture' for key 'journal_info.name'")
2021-08-15 22:44:47 - simpleExample - ERROR - Save data exception: (1062, "Duplicate entry 'PHOTOGRAMMETRIC ENGINEERING AND REMOTE SENSING' for key 'journal_info.name'")
2021-08-15 22:44:47 - simpleExample - ERROR - Save data exception: (1062, "Duplicate entry 'English World-Wide' for key 'journal_info.name'")
2021-08-15 22:44:47 - simpleExample - ERROR - Save data exception: (1062, "Duplicate entry 'INTERNATIONAL JOURNAL OF CAST METALS RESEARCH' for key 'journal_info.name'")
2021-08-15 22:44:47 - simpleExample - ERROR - Save data exception: (1062, "Duplicate entry 'Problems of Information Transmission' for key 'journal_info.name'")
2021-08-15 22:44:47 - simpleExample - ERROR - Save data exception: (1062, "Duplicate entry 'GENETICA' for key 'journal_info.name'")
2021-08-15 22:44:47 - simpleExample - ERROR - Save data exception: (1062, "Duplicate entry 'INTERNATIONAL JOURNAL OF TURBO & JET-ENGINES' for key 'journal_info.name'")
2021-08-15 22:44:47 - simpleExample - ERROR - Save data exception: (1062, "Duplicate entry 'PHOSPHORUS SULFUR AND SILICON AND THE RELATED ELEMENTS' for key 'journal_info.name'")
2021-08-15 22:44:47 - simpleExample - ERROR - Save data exception: (1062, "Duplicate entry 'Evolution Equations and Control Theory' for key 'journal_info.name'")
2021-08-15 22:44:47 - simpleExample - ERROR - Save data exception: (1062, "Duplicate entry 'Molecular & Cellular Toxicology' for key 'journal_info.name'")
2021-08-15 22:44:47 - simpleExample - ERROR - Save data exception: (1062, "Duplicate entry 'British Journal of Middle Eastern Studies' for key 'journal_info.name'")
2021-08-15 22:44:47 - simpleExample - ERROR - Save data exception: (1062, "Duplicate entry 'Plant Genetic Resources-Characterization and Utilization' for key 'journal_info.name'")
2021-08-15 22:44:47 - simpleExample - ERROR - Save data exception: (1062, "Duplicate entry 'JOURNAL OF THE AMERICAN PSYCHOANALYTIC ASSOCIATION' for key 'journal_info.name'")
2021-08-15 22:44:47 - simpleExample - ERROR - Save data exception: (1062, "Duplicate entry 'CANADIAN PUBLIC POLICY-ANALYSE DE POLITIQUES' for key 'journal_info.name'")
2021-08-15 22:44:47 - simpleExample - ERROR - Save data exception: (1062, "Duplicate entry 'ANIMAL SCIENCE PAPERS AND REPORTS' for key 'journal_info.name'")
2021-08-15 22:44:47 - simpleExample - ERROR - Save data exception: (1062, "Duplicate entry 'Turkish Journal of Physical Medicine and Rehabilitation' for key 'journal_info.name'")
2021-08-15 22:44:47 - simpleExample - ERROR - Save data exception: (1062, "Duplicate entry 'EDUCATIONAL GERONTOLOGY' for key 'journal_info.name'")
2021-08-15 22:44:47 - simpleExample - ERROR - Save data exception: (1062, "Duplicate entry 'RUSSIAN JOURNAL OF ELECTROCHEMISTRY' for key 'journal_info.name'")
2021-08-15 22:44:47 - simpleExample - ERROR - Save data exception: (1062, "Duplicate entry 'SPORTVERLETZUNG-SPORTSCHADEN' for key 'journal_info.name'")
2021-08-15 22:44:47 - simpleExample - ERROR - Save data exception: (1062, "Duplicate entry 'JOURNAL OF THE AMERICAN LEATHER CHEMISTS ASSOCIATION' for key 'journal_info.name'")
2021-08-15 22:44:47 - simpleExample - ERROR - Save data exception: (1062, "Duplicate entry 'Mathematical Communications' for key 'journal_info.name'")
2021-08-15 22:44:47 - simpleExample - ERROR - Save data exception: (1062, "Duplicate entry 'Physics of Wave Phenomena' for key 'journal_info.name'")
2021-08-15 22:44:47 - simpleExample - ERROR - Save data exception: (1062, "Duplicate entry 'BULLETIN OF THE EUROPEAN ASSOCIATION OF FISH PATHOLOGISTS' for key 'journal_info.name'")
2021-08-15 22:44:47 - simpleExample - ERROR - Save data exception: (1062, "Duplicate entry 'ACM Transactions on Modeling and Computer Simulation' for key 'journal_info.name'")
2021-08-15 22:44:47 - simpleExample - ERROR - Save data exception: (1062, "Duplicate entry 'Dynamic Games and Applications' for key 'journal_info.name'")
2021-08-15 22:44:47 - simpleExample - ERROR - Save data exception: (1062, "Duplicate entry 'Journal of Nonlinear and Convex Analysis' for key 'journal_info.name'")
2021-08-15 22:44:47 - simpleExample - ERROR - Save data exception: (1062, "Duplicate entry 'AMERICAN JOURNAL OF CLINICAL HYPNOSIS' for key 'journal_info.name'")
2021-08-15 22:44:47 - simpleExample - ERROR - Save data exception: (1062, "Duplicate entry 'Physics and Chemistry of Glasses-European Journal of Glass Scien' for key 'journal_info.name'")
2021-08-15 22:44:47 - simpleExample - ERROR - Save data exception: (1062, "Duplicate entry 'BULLETIN OF THE GEOLOGICAL SOCIETY OF FINLAND' for key 'journal_info.name'")
2021-08-15 22:44:47 - simpleExample - ERROR - Save data exception: (1062, "Duplicate entry 'Acta of Bioengineering and Biomechanics' for key 'journal_info.name'")
2021-08-15 22:44:47 - simpleExample - ERROR - Save data exception: (1062, "Duplicate entry 'ACTA CHIROPTEROLOGICA' for key 'journal_info.name'")
2021-08-15 22:44:47 - simpleExample - ERROR - Save data exception: (1062, "Duplicate entry 'Phonology' for key 'journal_info.name'")
2021-08-15 22:44:47 - simpleExample - ERROR - Save data exception: (1062, "Duplicate entry 'Advances in Applied Clifford Algebras' for key 'journal_info.name'")
2021-08-15 22:44:47 - simpleExample - ERROR - Save data exception: (1062, "Duplicate entry 'POLISH JOURNAL OF PATHOLOGY' for key 'journal_info.name'")
2021-08-15 22:44:47 - simpleExample - ERROR - Save data exception: (1062, "Duplicate entry 'Symmetry Integrability and Geometry-Methods and Applications' for key 'journal_info.name'")
2021-08-15 22:44:47 - simpleExample - ERROR - Save data exception: (1062, "Duplicate entry 'REVISTA DE LA FACULTAD DE CIENCIAS AGRARIAS' for key 'journal_info.name'")
2021-08-15 22:44:47 - simpleExample - ERROR - Save data exception: (1062, "Duplicate entry 'ELECTRIC POWER COMPONENTS AND SYSTEMS' for key 'journal_info.name'")
2021-08-15 22:44:47 - simpleExample - ERROR - Save data exception: (1062, "Duplicate entry 'JOURNAL OF STRUCTURAL CHEMISTRY' for key 'journal_info.name'")
2021-08-15 22:44:47 - simpleExample - ERROR - Save data exception: (1062, "Duplicate entry 'CANADIAN JOURNAL OF MATHEMATICS-JOURNAL CANADIEN DE MATHEMATIQUE' for key 'journal_info.name'")
2021-08-15 22:44:47 - simpleExample - ERROR - Save data exception: (1062, "Duplicate entry 'Journal of Social Philosophy' for key 'journal_info.name'")
2021-08-15 22:44:47 - simpleExample - ERROR - Save data exception: (1062, "Duplicate entry 'Natural Language Engineering' for key 'journal_info.name'")
2021-08-15 22:44:47 - simpleExample - ERROR - Save data exception: (1062, "Duplicate entry 'JOURNAL OF LINGUISTICS' for key 'journal_info.name'")
2021-08-15 22:44:47 - simpleExample - ERROR - Save data exception: (1062, "Duplicate entry 'AQUATIC INSECTS' for key 'journal_info.name'")
2021-08-15 22:44:47 - simpleExample - ERROR - Save data exception: (1062, "Duplicate entry 'JOURNAL OF MODERN ITALIAN STUDIES' for key 'journal_info.name'")
2021-08-15 22:44:47 - simpleExample - ERROR - Save data exception: (1062, "Duplicate entry 'JOURNAL OF ANALYTICAL CHEMISTRY' for key 'journal_info.name'")
2021-08-15 22:44:47 - simpleExample - ERROR - Save data exception: (1062, "Duplicate entry 'Journal of Electrical Engineering & Technology' for key 'journal_info.name'")
2021-08-15 22:44:47 - simpleExample - ERROR - Save data exception: (1062, "Duplicate entry 'MAIN GROUP METAL CHEMISTRY' for key 'journal_info.name'")
2021-08-15 22:44:47 - simpleExample - ERROR - Save data exception: (1062, "Duplicate entry 'KOVOVE MATERIALY-METALLIC MATERIALS' for key 'journal_info.name'")
2021-08-15 22:44:47 - simpleExample - ERROR - Save data exception: (1062, "Duplicate entry 'FLUID DYNAMICS RESEARCH' for key 'journal_info.name'")
2021-08-15 22:44:47 - simpleExample - ERROR - Save data exception: (1062, "Duplicate entry 'EUROPEAN JOURNAL OF MASS SPECTROMETRY' for key 'journal_info.name'")
2021-08-15 22:44:47 - simpleExample - ERROR - Save data exception: (1062, "Duplicate entry 'Open Physics' for key 'journal_info.name'")
2021-08-15 22:44:47 - simpleExample - ERROR - Save data exception: (1062, "Duplicate entry 'PORTAL-LIBRARIES AND THE ACADEMY' for key 'journal_info.name'")
2021-08-15 22:44:47 - simpleExample - ERROR - Save data exception: (1062, "Duplicate entry 'Clinical Nurse Specialist' for key 'journal_info.name'")
2021-08-15 22:44:47 - simpleExample - ERROR - Save data exception: (1062, "Duplicate entry 'CRYOLETTERS' for key 'journal_info.name'")
2021-08-15 22:44:47 - simpleExample - ERROR - Save data exception: (1062, "Duplicate entry 'TRANSPLANTATION PROCEEDINGS' for key 'journal_info.name'")
2021-08-15 22:44:47 - simpleExample - ERROR - Save data exception: (1062, "Duplicate entry 'COMBINATORICA' for key 'journal_info.name'")
2021-08-15 22:44:47 - simpleExample - ERROR - Save data exception: (1062, "Duplicate entry 'Journal of Clinical Pediatric Dentistry' for key 'journal_info.name'")
2021-08-15 22:44:47 - simpleExample - ERROR - Save data exception: (1062, "Duplicate entry 'Austrian Journal of Forest Science' for key 'journal_info.name'")
2021-08-15 22:44:47 - simpleExample - ERROR - Save data exception: (1062, "Duplicate entry 'LATIN AMERICAN PERSPECTIVES' for key 'journal_info.name'")
2021-08-15 22:44:47 - simpleExample - ERROR - Save data exception: (1062, "Duplicate entry 'International Journal of Microwave and Wireless Technologies' for key 'journal_info.name'")
2021-08-15 22:44:47 - simpleExample - ERROR - Save data exception: (1062, "Duplicate entry 'INTERNATIONAL JOURNAL OF CLINICAL AND EXPERIMENTAL HYPNOSIS' for key 'journal_info.name'")
2021-08-15 22:44:47 - simpleExample - ERROR - Save data exception: (1062, "Duplicate entry 'Psychiatria Danubina' for key 'journal_info.name'")
2021-08-15 22:44:47 - simpleExample - ERROR - Save data exception: (1062, "Duplicate entry 'SOCIOLOGICAL SPECTRUM' for key 'journal_info.name'")
2021-08-15 22:44:47 - simpleExample - ERROR - Save data exception: (1062, "Duplicate entry 'Revista Internacional de Andrologia' for key 'journal_info.name'")
2021-08-15 22:44:47 - simpleExample - ERROR - Save data exception: (1062, "Duplicate entry 'JOURNAL OF LOSS & TRAUMA' for key 'journal_info.name'")
2021-08-15 22:44:47 - simpleExample - ERROR - Save data exception: (1062, "Duplicate entry 'EQUINE VETERINARY EDUCATION' for key 'journal_info.name'")
2021-08-15 22:44:48 - simpleExample - ERROR - Save data exception: (1062, "Duplicate entry 'COMMUNIST AND POST-COMMUNIST STUDIES' for key 'journal_info.name'")
2021-08-15 22:44:48 - simpleExample - ERROR - Save data exception: (1062, "Duplicate entry 'Journal of Cognitive Psychology' for key 'journal_info.name'")
2021-08-15 22:44:48 - simpleExample - ERROR - Save data exception: (1062, "Duplicate entry 'Gynecologie Obstetrique Fertilite & Senologie' for key 'journal_info.name'")
2021-08-15 22:44:48 - simpleExample - ERROR - Save data exception: (1062, "Duplicate entry 'FOLIA ZOOLOGICA' for key 'journal_info.name'")
2021-08-15 22:44:48 - simpleExample - ERROR - Save data exception: (1062, "Duplicate entry 'OPHTHALMOLOGE' for key 'journal_info.name'")
2021-08-15 22:44:48 - simpleExample - ERROR - Save data exception: (1062, "Duplicate entry 'Cambridge Journal of Mathematics' for key 'journal_info.name'")
2021-08-15 22:44:48 - simpleExample - ERROR - Save data exception: (1062, "Duplicate entry 'Annual Reports in Medicinal Chemistry' for key 'journal_info.name'")
2021-08-15 22:46:33 - simpleExample - INFO - Crawling page 79 ...
2021-08-15 22:46:37 - simpleExample - INFO - Parsing page 79 ...
2021-08-15 22:49:25 - simpleExample - INFO - Saving page 79 ...
2021-08-15 22:49:25 - simpleExample - ERROR - Save data exception: (1062, "Duplicate entry 'Buletin Penelitian Kesehatan' for key 'journal_info.name'")
2021-08-15 22:49:26 - simpleExample - ERROR - Save data exception: (1062, "Duplicate entry 'C-Journal of Carbon Research' for key 'journal_info.name'")
2021-08-15 22:49:26 - simpleExample - ERROR - Save data exception: (1062, "Duplicate entry 'CONTEMPORARY CHINESE THOUGHT' for key 'journal_info.name'")
2021-08-15 22:49:26 - simpleExample - ERROR - Save data exception: (1062, "Duplicate entry 'CR-THE NEW CENTENNIAL REVIEW' for key 'journal_info.name'")
2021-08-15 22:49:26 - simpleExample - ERROR - Save data exception: (1062, "Duplicate entry 'Cahiers des Etudes Anciennes' for key 'journal_info.name'")
2021-08-15 22:49:26 - simpleExample - ERROR - Save data exception: (1062, "Duplicate entry 'Canadian Pharmacists Journal' for key 'journal_info.name'")
2021-08-15 22:49:26 - simpleExample - ERROR - Save data exception: (1062, "Duplicate entry 'Challenges in Sustainability' for key 'journal_info.name'")
2021-08-15 22:49:26 - simpleExample - ERROR - Save data exception: (1062, "Duplicate entry 'Chem-Bio Informatics Journal' for key 'journal_info.name'")
2021-08-15 22:49:26 - simpleExample - ERROR - Save data exception: (1062, "Duplicate entry 'Chemistry Journal of Moldova' for key 'journal_info.name'")
2021-08-15 22:49:26 - simpleExample - ERROR - Save data exception: (1062, "Duplicate entry 'Chung Wai Literary Quarterly' for key 'journal_info.name'")
2021-08-15 22:49:26 - simpleExample - ERROR - Save data exception: (1062, "Duplicate entry 'Classical Receptions Journal' for key 'journal_info.name'")
2021-08-15 22:49:26 - simpleExample - ERROR - Save data exception: (1062, "Duplicate entry 'Clinical Medicine & Research' for key 'journal_info.name'")
2021-08-15 22:49:26 - simpleExample - ERROR - Save data exception: (1062, "Duplicate entry 'Cogent Business & Management' for key 'journal_info.name'")
2021-08-15 22:49:26 - simpleExample - ERROR - Save data exception: (1062, "Duplicate entry 'Cogent Environmental Science' for key 'journal_info.name'")
2021-08-15 22:49:26 - simpleExample - ERROR - Save data exception: (1062, "Duplicate entry 'Communication Law and Policy' for key 'journal_info.name'")
2021-08-15 22:49:26 - simpleExample - ERROR - Save data exception: (1062, "Duplicate entry 'Communication and the Public' for key 'journal_info.name'")
2021-08-15 22:49:26 - simpleExample - ERROR - Save data exception: (1062, "Duplicate entry 'Comparative Critical Studies' for key 'journal_info.name'")
2021-08-15 22:49:26 - simpleExample - ERROR - Save data exception: (1062, "Duplicate entry 'Comparative Economic Studies' for key 'journal_info.name'")
2021-08-15 22:49:26 - simpleExample - ERROR - Save data exception: (1062, "Duplicate entry 'Contemporary British History' for key 'journal_info.name'")
2021-08-15 22:49:26 - simpleExample - ERROR - Save data exception: (1062, "Duplicate entry 'Cuadernos Europeos de Deusto' for key 'journal_info.name'")
2021-08-15 22:49:26 - simpleExample - ERROR - Save data exception: (1062, "Duplicate entry 'Current Hypertension Reviews' for key 'journal_info.name'")
2021-08-15 22:49:26 - simpleExample - ERROR - Save data exception: (1062, "Duplicate entry 'Current Journal of Neurology' for key 'journal_info.name'")
2021-08-15 22:49:26 - simpleExample - ERROR - Save data exception: (1062, "Duplicate entry 'Current Orthopaedic Practice' for key 'journal_info.name'")
2021-08-15 22:49:26 - simpleExample - ERROR - Save data exception: (1062, "Duplicate entry 'Current Pathobiology Reports' for key 'journal_info.name'")
2021-08-15 22:49:26 - simpleExample - ERROR - Save data exception: (1062, "Duplicate entry 'Current Radiopharmaceuticals' for key 'journal_info.name'")
2021-08-15 22:49:26 - simpleExample - ERROR - Save data exception: (1062, "Duplicate entry 'Current Rheumatology Reviews' for key 'journal_info.name'")
2021-08-15 22:49:26 - simpleExample - ERROR - Save data exception: (1062, "Duplicate entry 'Current Traditional Medicine' for key 'journal_info.name'")
2021-08-15 22:49:26 - simpleExample - ERROR - Save data exception: (1062, "Duplicate entry 'Deleuze and Guattari Studies' for key 'journal_info.name'")
2021-08-15 22:49:26 - simpleExample - ERROR - Save data exception: (1062, "Duplicate entry 'Derecho Penal y Criminologia' for key 'journal_info.name'")
2021-08-15 22:49:26 - simpleExample - ERROR - Save data exception: (1062, "Duplicate entry 'Dialog-A Journal of Theology' for key 'journal_info.name'")
2021-08-15 22:49:26 - simpleExample - ERROR - Save data exception: (1062, "Duplicate entry 'Digital Humanities Quarterly' for key 'journal_info.name'")
2021-08-15 22:49:26 - simpleExample - ERROR - Save data exception: (1062, "Duplicate entry 'Digital Library Perspectives' for key 'journal_info.name'")
2021-08-15 22:49:26 - simpleExample - ERROR - Save data exception: (1062, "Duplicate entry 'E-Ciencias de la Informacion' for key 'journal_info.name'")
2021-08-15 22:49:26 - simpleExample - ERROR - Save data exception: (1062, "Duplicate entry 'ENGLISH LITERARY RENAISSANCE' for key 'journal_info.name'")
2021-08-15 22:49:26 - simpleExample - ERROR - Save data exception: (1062, "Duplicate entry 'Early Popular Visual Culture' for key 'journal_info.name'")
2021-08-15 22:49:26 - simpleExample - ERROR - Save data exception: (1062, "Duplicate entry 'East European Jewish Affairs' for key 'journal_info.name'")
2021-08-15 22:49:26 - simpleExample - ERROR - Save data exception: (1062, "Duplicate entry 'Egyptian Journal of Agronomy' for key 'journal_info.name'")
2021-08-15 22:49:26 - simpleExample - ERROR - Save data exception: (1062, "Duplicate entry 'Eikasia-Revista de Filosofia' for key 'journal_info.name'")
2021-08-15 22:49:26 - simpleExample - ERROR - Save data exception: (1062, "Duplicate entry 'Endoscopy International Open' for key 'journal_info.name'")
2021-08-15 22:49:26 - simpleExample - ERROR - Save data exception: (1062, "Duplicate entry 'Engineering Journal-Thailand' for key 'journal_info.name'")
2021-08-15 22:49:26 - simpleExample - ERROR - Save data exception: (1062, "Duplicate entry 'Espaces-Populations-Societes' for key 'journal_info.name'")
2021-08-15 22:49:26 - simpleExample - ERROR - Save data exception: (1062, "Duplicate entry 'Eurasian Journal of Medicine' for key 'journal_info.name'")
2021-08-15 22:49:26 - simpleExample - ERROR - Save data exception: (1062, "Duplicate entry 'European Integration Studies' for key 'journal_info.name'")
2021-08-15 22:49:26 - simpleExample - ERROR - Save data exception: (1062, "Duplicate entry 'Foresight and STI Governance' for key 'journal_info.name'")
2021-08-15 22:49:26 - simpleExample - ERROR - Save data exception: (1062, "Duplicate entry 'Frontiers in Robotics and AI' for key 'journal_info.name'")
2021-08-15 22:49:26 - simpleExample - ERROR - Save data exception: (1062, "Duplicate entry 'Frontiers of Optoelectronics' for key 'journal_info.name'")
2021-08-15 22:49:26 - simpleExample - ERROR - Save data exception: (1062, "Duplicate entry 'GHANA SOCIAL SCIENCE JOURNAL' for key 'journal_info.name'")
2021-08-15 22:49:26 - simpleExample - ERROR - Save data exception: (1062, "Duplicate entry 'Gaceta Mexicana de Oncologia' for key 'journal_info.name'")
2021-08-15 22:49:26 - simpleExample - ERROR - Save data exception: (1062, "Duplicate entry 'Geodynamics & Tectonophysics' for key 'journal_info.name'")
2021-08-15 22:49:26 - simpleExample - ERROR - Save data exception: (1062, "Duplicate entry 'Groups Complexity Cryptology' for key 'journal_info.name'")
2021-08-15 22:49:26 - simpleExample - ERROR - Save data exception: (1062, "Duplicate entry 'Gynecologic Oncology Reports' for key 'journal_info.name'")
2021-08-15 22:49:26 - simpleExample - ERROR - Save data exception: (1062, "Duplicate entry 'HISTORY OF POLITICAL THOUGHT' for key 'journal_info.name'")
2021-08-15 22:49:26 - simpleExample - ERROR - Save data exception: (1062, "Duplicate entry 'HUNTINGTON LIBRARY QUARTERLY' for key 'journal_info.name'")
2021-08-15 22:49:26 - simpleExample - ERROR - Save data exception: (1062, "Duplicate entry 'Heat Transfer-Asian Research' for key 'journal_info.name'")
2021-08-15 22:49:26 - simpleExample - ERROR - Save data exception: (1062, "Duplicate entry 'IEEE Nanotechnology Magazine' for key 'journal_info.name'")
2021-08-15 22:49:26 - simpleExample - ERROR - Save data exception: (1062, "Duplicate entry 'IEICE Communications Express' for key 'journal_info.name'")
2021-08-15 22:49:26 - simpleExample - ERROR - Save data exception: (1062, "Duplicate entry 'INDUSTRIAL RELATIONS JOURNAL' for key 'journal_info.name'")
2021-08-15 22:49:26 - simpleExample - ERROR - Save data exception: (1062, "Duplicate entry 'INTERNATIONAL HISTORY REVIEW' for key 'journal_info.name'")
2021-08-15 22:49:26 - simpleExample - ERROR - Save data exception: (1062, "Duplicate entry 'Imaging Science in Dentistry' for key 'journal_info.name'")
2021-08-15 22:49:26 - simpleExample - ERROR - Save data exception: (1062, "Duplicate entry 'In Situ-Revue de Patrimoines' for key 'journal_info.name'")
2021-08-15 22:49:26 - simpleExample - ERROR - Save data exception: (1062, "Duplicate entry 'Indian Journal of Nephrology' for key 'journal_info.name'")
2021-08-15 22:49:26 - simpleExample - ERROR - Save data exception: (1062, "Duplicate entry 'Infectious Disease Modelling' for key 'journal_info.name'")
2021-08-15 22:49:26 - simpleExample - ERROR - Save data exception: (1062, "Duplicate entry 'Information Security Journal' for key 'journal_info.name'")
2021-08-15 22:49:26 - simpleExample - ERROR - Save data exception: (1062, "Duplicate entry 'Innovative Surgical Sciences' for key 'journal_info.name'")
2021-08-15 22:49:26 - simpleExample - ERROR - Save data exception: (1062, "Duplicate entry 'International Energy Journal' for key 'journal_info.name'")
2021-08-15 22:49:26 - simpleExample - ERROR - Save data exception: (1062, "Duplicate entry 'International Sports Studies' for key 'journal_info.name'")
2021-08-15 22:49:26 - simpleExample - ERROR - Save data exception: (1062, "Duplicate entry 'Iranian Journal of Catalysis' for key 'journal_info.name'")
2021-08-15 22:49:26 - simpleExample - ERROR - Save data exception: (1062, "Duplicate entry 'Iranian Journal of Neurology' for key 'journal_info.name'")
2021-08-15 22:49:26 - simpleExample - ERROR - Save data exception: (1062, "Duplicate entry 'Istanbul Journal of Pharmacy' for key 'journal_info.name'")
2021-08-15 22:49:26 - simpleExample - ERROR - Save data exception: (1062, "Duplicate entry 'JAHRBUCH DER BERLINER MUSEEN' for key 'journal_info.name'")
2021-08-15 22:49:26 - simpleExample - ERROR - Save data exception: (1062, "Duplicate entry 'JOURNAL OF AMERICAN FOLKLORE' for key 'journal_info.name'")
2021-08-15 22:49:26 - simpleExample - ERROR - Save data exception: (1062, "Duplicate entry 'JOURNAL OF ARABIC LITERATURE' for key 'journal_info.name'")
2021-08-15 22:49:26 - simpleExample - ERROR - Save data exception: (1062, "Duplicate entry 'JOURNAL OF FIELD ARCHAEOLOGY' for key 'journal_info.name'")
2021-08-15 22:49:26 - simpleExample - ERROR - Save data exception: (1062, "Duplicate entry 'JOURNAL OF FOLKLORE RESEARCH' for key 'journal_info.name'")
2021-08-15 22:49:26 - simpleExample - ERROR - Save data exception: (1062, "Duplicate entry 'JOURNAL OF INDIAN PHILOSOPHY' for key 'journal_info.name'")
2021-08-15 22:49:26 - simpleExample - ERROR - Save data exception: (1062, "Duplicate entry 'JOURNAL OF MODERN LITERATURE' for key 'journal_info.name'")
2021-08-15 22:49:26 - simpleExample - ERROR - Save data exception: (1062, "Duplicate entry 'JOURNAL OF PHARMACY PRACTICE' for key 'journal_info.name'")
2021-08-15 22:49:26 - simpleExample - ERROR - Save data exception: (1062, "Duplicate entry 'JOURNAL OF RELIGIOUS HISTORY' for key 'journal_info.name'")
2021-08-15 22:49:26 - simpleExample - ERROR - Save data exception: (1062, "Duplicate entry 'Journal of Accounting Review' for key 'journal_info.name'")
2021-08-15 22:49:26 - simpleExample - ERROR - Save data exception: (1062, "Duplicate entry 'Journal of Cancer Prevention' for key 'journal_info.name'")
2021-08-15 22:49:26 - simpleExample - ERROR - Save data exception: (1062, "Duplicate entry 'Journal of Change Management' for key 'journal_info.name'")
2021-08-15 22:49:26 - simpleExample - ERROR - Save data exception: (1062, "Duplicate entry 'Journal of Childhood Studies' for key 'journal_info.name'")
2021-08-15 22:49:26 - simpleExample - ERROR - Save data exception: (1062, "Duplicate entry 'Journal of Christian Nursing' for key 'journal_info.name'")
2021-08-15 22:49:26 - simpleExample - ERROR - Save data exception: (1062, "Duplicate entry 'Journal of Classics Teaching' for key 'journal_info.name'")
2021-08-15 22:49:26 - simpleExample - ERROR - Save data exception: (1062, "Duplicate entry 'Journal of Cognitive Science' for key 'journal_info.name'")
2021-08-15 22:49:26 - simpleExample - ERROR - Save data exception: (1062, "Duplicate entry 'Journal of Computer Security' for key 'journal_info.name'")
2021-08-15 22:49:27 - simpleExample - ERROR - Save data exception: (1062, "Duplicate entry 'Journal of Consumer Sciences' for key 'journal_info.name'")
2021-08-15 22:49:27 - simpleExample - ERROR - Save data exception: (1062, "Duplicate entry 'Journal of Disaster Research' for key 'journal_info.name'")
2021-08-15 22:49:27 - simpleExample - ERROR - Save data exception: (1062, "Duplicate entry 'Journal of Education Finance' for key 'journal_info.name'")
2021-08-15 22:49:27 - simpleExample - ERROR - Save data exception: (1062, "Duplicate entry 'Journal of Forensic Practice' for key 'journal_info.name'")
2021-08-15 22:49:27 - simpleExample - ERROR - Save data exception: (1062, "Duplicate entry 'Journal of Genocide Research' for key 'journal_info.name'")
2021-08-15 22:49:27 - simpleExample - ERROR - Save data exception: (1062, "Duplicate entry 'Journal of Greek Linguistics' for key 'journal_info.name'")
2021-08-15 22:49:27 - simpleExample - ERROR - Save data exception: (1062, "Duplicate entry 'Journal of Health Management' for key 'journal_info.name'")
2021-08-15 22:49:27 - simpleExample - ERROR - Save data exception: (1062, "Duplicate entry 'Journal of Hebrew Scriptures' for key 'journal_info.name'")
2021-08-15 22:49:27 - simpleExample - ERROR - Save data exception: (1062, "Duplicate entry 'Journal of Integer Sequences' for key 'journal_info.name'")
2021-08-15 22:49:27 - simpleExample - ERROR - Save data exception: (1062, "Duplicate entry 'Journal of Internet Commerce' for key 'journal_info.name'")
2021-08-15 22:49:27 - simpleExample - ERROR - Save data exception: (1062, "Duplicate entry 'Journal of Islamic Marketing' for key 'journal_info.name'")
2021-08-15 22:49:27 - simpleExample - ERROR - Save data exception: (1062, "Duplicate entry 'Journal of Labor and Society' for key 'journal_info.name'")
2021-08-15 22:49:27 - simpleExample - ERROR - Save data exception: (1062, "Duplicate entry 'Journal of Livestock Science' for key 'journal_info.name'")
2021-08-15 22:49:27 - simpleExample - ERROR - Save data exception: (1062, "Duplicate entry 'Journal of Medical Biography' for key 'journal_info.name'")
2021-08-15 22:49:27 - simpleExample - ERROR - Save data exception: (1062, "Duplicate entry 'Journal of Nietzsche Studies' for key 'journal_info.name'")
2021-08-15 22:49:27 - simpleExample - ERROR - Save data exception: (1062, "Duplicate entry 'Journal of Non-Oxide Glasses' for key 'journal_info.name'")
2021-08-15 22:49:27 - simpleExample - ERROR - Save data exception: (1062, "Duplicate entry 'Journal of Object Technology' for key 'journal_info.name'")
2021-08-15 22:49:27 - simpleExample - ERROR - Save data exception: (1062, "Duplicate entry 'Journal of Pancreatic Cancer' for key 'journal_info.name'")
2021-08-15 22:49:27 - simpleExample - ERROR - Save data exception: (1062, "Duplicate entry 'Journal of Pediatrics Review' for key 'journal_info.name'")
2021-08-15 22:49:27 - simpleExample - ERROR - Save data exception: (1062, "Duplicate entry 'Journal of Physics-Materials' for key 'journal_info.name'")
2021-08-15 22:49:27 - simpleExample - ERROR - Save data exception: (1062, "Duplicate entry 'Journal of Physics-Photonics' for key 'journal_info.name'")
2021-08-15 22:49:27 - simpleExample - ERROR - Save data exception: (1062, "Duplicate entry 'Journal of Political Ecology' for key 'journal_info.name'")
2021-08-15 22:49:27 - simpleExample - ERROR - Save data exception: (1062, "Duplicate entry 'Journal of Population Ageing' for key 'journal_info.name'")
2021-08-15 22:49:27 - simpleExample - ERROR - Save data exception: (1062, "Duplicate entry 'Journal of Property Research' for key 'journal_info.name'")
2021-08-15 22:49:27 - simpleExample - ERROR - Save data exception: (1062, "Duplicate entry 'Journal of Reformed Theology' for key 'journal_info.name'")
2021-08-15 22:49:27 - simpleExample - ERROR - Save data exception: (1062, "Duplicate entry 'Journal of Religion in Japan' for key 'journal_info.name'")
2021-08-15 22:49:27 - simpleExample - ERROR - Save data exception: (1062, "Duplicate entry 'Journal of Roman Archaeology' for key 'journal_info.name'")
2021-08-15 22:49:27 - simpleExample - ERROR - Save data exception: (1062, "Duplicate entry 'Journal of Smoking Cessation' for key 'journal_info.name'")
2021-08-15 22:49:27 - simpleExample - ERROR - Save data exception: (1062, "Duplicate entry 'Journal of Song-Yuan Studies' for key 'journal_info.name'")
2021-08-15 22:49:27 - simpleExample - ERROR - Save data exception: (1062, "Duplicate entry 'Journal of Transport History' for key 'journal_info.name'")
2021-08-15 22:49:27 - simpleExample - ERROR - Save data exception: (1062, "Duplicate entry 'Journal of Usability Studies' for key 'journal_info.name'")
2021-08-15 22:49:27 - simpleExample - ERROR - Save data exception: (1062, "Duplicate entry 'Journal of Web Librarianship' for key 'journal_info.name'")
2021-08-15 22:49:27 - simpleExample - ERROR - Save data exception: (1062, "Duplicate entry 'Journal of Young Pharmacists' for key 'journal_info.name'")
2021-08-15 22:49:27 - simpleExample - ERROR - Save data exception: (1062, "Duplicate entry 'Journal of Youth Development' for key 'journal_info.name'")
2021-08-15 22:49:27 - simpleExample - ERROR - Save data exception: (1062, "Duplicate entry 'Journal of the Civil War Era' for key 'journal_info.name'")
2021-08-15 22:49:27 - simpleExample - ERROR - Save data exception: (1062, "Duplicate entry 'Language Dynamics and Change' for key 'journal_info.name'")
2021-08-15 22:49:27 - simpleExample - ERROR - Save data exception: (1062, "Duplicate entry 'Legal Information Management' for key 'journal_info.name'")
2021-08-15 22:49:27 - simpleExample - ERROR - Save data exception: (1062, "Duplicate entry 'Linguisticae Investigationes' for key 'journal_info.name'")
2021-08-15 22:49:27 - simpleExample - ERROR - Save data exception: (1062, "Duplicate entry 'Logic and Logical Philosophy' for key 'journal_info.name'")
2021-08-15 22:49:27 - simpleExample - ERROR - Save data exception: (1062, "Duplicate entry 'Magnetic Resonance in Solids' for key 'journal_info.name'")
2021-08-15 22:49:27 - simpleExample - ERROR - Save data exception: (1062, "Duplicate entry 'Makara Journal of Technology' for key 'journal_info.name'")
2021-08-15 22:49:27 - simpleExample - ERROR - Save data exception: (1062, "Duplicate entry 'Medecine et Sante Tropicales' for key 'journal_info.name'")
2021-08-15 22:49:27 - simpleExample - ERROR - Save data exception: (1062, "Duplicate entry 'Medical Journal of Indonesia' for key 'journal_info.name'")
2021-08-15 22:49:27 - simpleExample - ERROR - Save data exception: (1062, "Duplicate entry 'Mental Health Review Journal' for key 'journal_info.name'")
2021-08-15 22:49:27 - simpleExample - ERROR - Save data exception: (1062, "Duplicate entry 'Modern & Contemporary France' for key 'journal_info.name'")
2021-08-15 22:49:27 - simpleExample - ERROR - Save data exception: (1062, "Duplicate entry 'Monash University Law Review' for key 'journal_info.name'")
2021-08-15 22:49:27 - simpleExample - ERROR - Save data exception: (1062, "Duplicate entry 'Mordovia University Bulletin' for key 'journal_info.name'")
2021-08-15 22:49:27 - simpleExample - ERROR - Save data exception: (1062, "Duplicate entry 'NORTH AMERICAN ARCHAEOLOGIST' for key 'journal_info.name'")
2021-08-15 22:49:27 - simpleExample - ERROR - Save data exception: (1062, "Duplicate entry 'Nature Conservation Research' for key 'journal_info.name'")
2021-08-15 22:49:27 - simpleExample - ERROR - Save data exception: (1062, "Duplicate entry 'New Armenian Medical Journal' for key 'journal_info.name'")
2021-08-15 22:49:27 - simpleExample - ERROR - Save data exception: (1062, "Duplicate entry 'Northern Clinics of Istanbul' for key 'journal_info.name'")
2021-08-15 22:49:27 - simpleExample - ERROR - Save data exception: (1062, "Duplicate entry 'Novoe Literaturnoe Obozrenie' for key 'journal_info.name'")
2021-08-15 22:49:27 - simpleExample - ERROR - Save data exception: (1062, "Duplicate entry 'Nursing-Research and Reviews' for key 'journal_info.name'")
2021-08-15 22:49:27 - simpleExample - ERROR - Save data exception: (1062, "Duplicate entry 'Obstetrician & Gynaecologist' for key 'journal_info.name'")
2021-08-15 22:49:27 - simpleExample - ERROR - Save data exception: (1062, "Duplicate entry 'PHILOSOPHICAL INVESTIGATIONS' for key 'journal_info.name'")
2021-08-15 22:49:27 - simpleExample - ERROR - Save data exception: (1062, "Duplicate entry 'Papers-Revista de Sociologia' for key 'journal_info.name'")
2021-08-15 22:49:27 - simpleExample - ERROR - Save data exception: (1062, "Duplicate entry 'Pedagogy Culture and Society' for key 'journal_info.name'")
2021-08-15 22:49:27 - simpleExample - ERROR - Save data exception: (1062, "Duplicate entry 'Philosophy and Public Issues' for key 'journal_info.name'")
2021-08-15 22:49:27 - simpleExample - ERROR - Save data exception: (1062, "Duplicate entry 'Police Practice and Research' for key 'journal_info.name'")
2021-08-15 22:49:27 - simpleExample - ERROR - Save data exception: (1062, "Duplicate entry 'Professional Case Management' for key 'journal_info.name'")
2021-08-15 22:49:27 - simpleExample - ERROR - Save data exception: (1062, "Duplicate entry 'Psicoterapia e Scienze Umane' for key 'journal_info.name'")
2021-08-15 22:49:27 - simpleExample - ERROR - Save data exception: (1062, "Duplicate entry 'Psychoanalytic Psychotherapy' for key 'journal_info.name'")
2021-08-15 22:49:27 - simpleExample - ERROR - Save data exception: (1062, "Duplicate entry 'Psychologist-Manager Journal' for key 'journal_info.name'")
2021-08-15 22:49:27 - simpleExample - ERROR - Save data exception: (1062, "Duplicate entry 'Public Budgeting and Finance' for key 'journal_info.name'")
2021-08-15 22:49:27 - simpleExample - ERROR - Save data exception: (1062, "Duplicate entry 'Qualitative Research Journal' for key 'journal_info.name'")
2021-08-15 22:49:27 - simpleExample - ERROR - Save data exception: (1062, "Duplicate entry 'Quarterly Journal of Finance' for key 'journal_info.name'")
2021-08-15 22:49:27 - simpleExample - ERROR - Save data exception: (1062, "Duplicate entry 'REVUE DE LINGUISTIQUE ROMANE' for key 'journal_info.name'")
2021-08-15 22:49:27 - simpleExample - ERROR - Save data exception: (1062, "Duplicate entry 'REVUE THEOLOGIQUE DE LOUVAIN' for key 'journal_info.name'")
2021-08-15 22:49:27 - simpleExample - ERROR - Save data exception: (1062, "Duplicate entry 'RICERCHE DI STORIA DELL ARTE' for key 'journal_info.name'")
2021-08-15 22:49:27 - simpleExample - ERROR - Save data exception: (1062, "Duplicate entry 'Regional and Federal Studies' for key 'journal_info.name'")
2021-08-15 22:49:27 - simpleExample - ERROR - Save data exception: (1062, "Duplicate entry 'Review of Austrian Economics' for key 'journal_info.name'")
2021-08-15 22:49:27 - simpleExample - ERROR - Save data exception: (1062, "Duplicate entry 'Review of Behavioral Finance' for key 'journal_info.name'")
2021-08-15 22:49:27 - simpleExample - ERROR - Save data exception: (1062, "Duplicate entry 'Revista Boliviana de Derecho' for key 'journal_info.name'")
2021-08-15 22:49:27 - simpleExample - ERROR - Save data exception: (1062, "Duplicate entry 'Revista Chilena de Nutricion' for key 'journal_info.name'")
2021-08-15 22:49:27 - simpleExample - ERROR - Save data exception: (1062, "Duplicate entry 'Revista Cubana de Ingenieria' for key 'journal_info.name'")
2021-08-15 22:49:27 - simpleExample - ERROR - Save data exception: (1062, "Duplicate entry 'Revista Electronica de LEEME' for key 'journal_info.name'")
2021-08-15 22:49:27 - simpleExample - ERROR - Save data exception: (1062, "Duplicate entry 'Revista Pos Ciencias Sociais' for key 'journal_info.name'")
2021-08-15 22:49:28 - simpleExample - ERROR - Save data exception: (1062, "Duplicate entry 'Revista de Comunicacion-Peru' for key 'journal_info.name'")
2021-08-15 22:49:28 - simpleExample - ERROR - Save data exception: (1062, "Duplicate entry 'Revista de Cultura Teologica' for key 'journal_info.name'")
2021-08-15 22:49:28 - simpleExample - ERROR - Save data exception: (1062, "Duplicate entry 'Revista de Filologia Alemana' for key 'journal_info.name'")
2021-08-15 22:49:28 - simpleExample - ERROR - Save data exception: (1062, "Duplicate entry 'Revista de Gestao e Projetos' for key 'journal_info.name'")
2021-08-15 22:49:28 - simpleExample - ERROR - Save data exception: (1062, "Duplicate entry 'Russian Open Medical Journal' for key 'journal_info.name'")
2021-08-15 22:49:28 - simpleExample - ERROR - Save data exception: (1062, "Duplicate entry 'SCHMALENBACH BUSINESS REVIEW' for key 'journal_info.name'")
2021-08-15 22:49:28 - simpleExample - ERROR - Save data exception: (1062, "Duplicate entry 'SCOTTISH JOURNAL OF THEOLOGY' for key 'journal_info.name'")
2021-08-15 22:49:28 - simpleExample - ERROR - Save data exception: (1062, "Duplicate entry 'SCRIBLERIAN AND THE KIT-CATS' for key 'journal_info.name'")
2021-08-15 22:49:28 - simpleExample - ERROR - Save data exception: (1062, "Duplicate entry 'Sartre Studies International' for key 'journal_info.name'")
2021-08-15 22:49:28 - simpleExample - ERROR - Save data exception: (1062, "Duplicate entry 'Saudi Journal of Anaesthesia' for key 'journal_info.name'")
2021-08-15 22:49:28 - simpleExample - ERROR - Save data exception: (1062, "Duplicate entry 'Scandinavian Journal of Pain' for key 'journal_info.name'")
2021-08-15 22:49:28 - simpleExample - ERROR - Save data exception: (1062, "Duplicate entry 'Schools-Studies in Education' for key 'journal_info.name'")
2021-08-15 22:49:28 - simpleExample - ERROR - Save data exception: (1062, "Duplicate entry 'Sguardo-Rivista di Filosofia' for key 'journal_info.name'")
2021-08-15 22:49:28 - simpleExample - ERROR - Save data exception: (1062, "Duplicate entry 'Social Work in Mental Health' for key 'journal_info.name'")
2021-08-15 22:49:28 - simpleExample - ERROR - Save data exception: (1062, "Duplicate entry 'Spatial Information Research' for key 'journal_info.name'")
2021-08-15 22:49:28 - simpleExample - ERROR - Save data exception: (1062, "Duplicate entry 'Statistics and Public Policy' for key 'journal_info.name'")
2021-08-15 22:49:28 - simpleExample - ERROR - Save data exception: (1062, "Duplicate entry 'Storia del Pensiero Politico' for key 'journal_info.name'")
2021-08-15 22:49:28 - simpleExample - ERROR - Save data exception: (1062, "Duplicate entry 'Studia Philosophica Kantiana' for key 'journal_info.name'")
2021-08-15 22:49:28 - simpleExample - ERROR - Save data exception: (1062, "Duplicate entry 'Symmetry-Culture and Science' for key 'journal_info.name'")
2021-08-15 22:49:28 - simpleExample - ERROR - Save data exception: (1062, "Duplicate entry 'TWENTIETH CENTURY LITERATURE' for key 'journal_info.name'")
2021-08-15 22:49:28 - simpleExample - ERROR - Save data exception: (1062, "Duplicate entry 'Taida Journal of Art History' for key 'journal_info.name'")
2021-08-15 22:49:28 - simpleExample - ERROR - Save data exception: (1062, "Duplicate entry 'Tbilisi Mathematical Journal' for key 'journal_info.name'")
2021-08-15 22:49:28 - simpleExample - ERROR - Save data exception: (1062, "Duplicate entry 'Technical Services Quarterly' for key 'journal_info.name'")
2021-08-15 22:49:28 - simpleExample - ERROR - Save data exception: (1062, "Duplicate entry 'Themata-Revista de Filosofia' for key 'journal_info.name'")
2021-08-15 22:49:28 - simpleExample - ERROR - Save data exception: (1062, "Duplicate entry 'Topicos-Revista de Filosofia' for key 'journal_info.name'")
2021-08-15 22:49:28 - simpleExample - ERROR - Save data exception: (1062, "Duplicate entry 'Tourism & Management Studies' for key 'journal_info.name'")
2021-08-15 22:49:28 - simpleExample - ERROR - Save data exception: (1062, "Duplicate entry 'Tourism Review International' for key 'journal_info.name'")
2021-08-15 22:49:28 - simpleExample - ERROR - Save data exception: (1062, "Duplicate entry 'Transactions on Data Privacy' for key 'journal_info.name'")
2021-08-15 22:49:28 - simpleExample - ERROR - Save data exception: (1062, "Duplicate entry 'Translational Animal Science' for key 'journal_info.name'")
2021-08-15 22:49:28 - simpleExample - ERROR - Save data exception: (1062, "Duplicate entry 'Tropical Medicine and Health' for key 'journal_info.name'")
2021-08-15 22:49:28 - simpleExample - ERROR - Save data exception: (1062, "Duplicate entry 'Turkish Journal of Education' for key 'journal_info.name'")
2021-08-15 22:49:28 - simpleExample - ERROR - Save data exception: (1062, "Duplicate entry 'Turkish Journal of Neurology' for key 'journal_info.name'")
2021-08-15 22:49:28 - simpleExample - ERROR - Save data exception: (1062, "Duplicate entry 'Turkish Journal of Pathology' for key 'journal_info.name'")
2021-08-15 22:49:28 - simpleExample - ERROR - Save data exception: (1062, "Duplicate entry 'Ukrainian Journal of Ecology' for key 'journal_info.name'")
2021-08-15 22:49:28 - simpleExample - ERROR - Save data exception: (1062, "Duplicate entry 'Ukrainian Journal of Physics' for key 'journal_info.name'")
2021-08-15 22:49:28 - simpleExample - ERROR - Save data exception: (1062, "Duplicate entry 'Urbani Izziv-Urban Challenge' for key 'journal_info.name'")
